[0621/170923.035:ERROR:process_memory_win.cc(73)] ReadMemory at 0x7ff7b2d80000 of 64 bytes failed: Only part of a ReadProcessMemory or WriteProcessMemory request was completed. (0x12B)
[0621/170923.040:WARNING:pe_image_reader.cc(340)] could not read dos header from C:\Program Files (x86)\Google\Chrome\Application\chrome.exe
[0621/170923.041:ERROR:process_memory_win.cc(73)] ReadMemory at 0x7fffc0c00000 of 64 bytes failed: Only part of a ReadProcessMemory or WriteProcessMemory request was completed. (0x12B)
[0621/170923.041:WARNING:pe_image_reader.cc(340)] could not read dos header from C:\WINDOWS\SYSTEM32\ntdll.dll
[0621/170923.041:ERROR:process_memory_win.cc(73)] ReadMemory at 0x7fffc09d0000 of 64 bytes failed: Only part of a ReadProcessMemory or WriteProcessMemory request was completed. (0x12B)
[0621/170923.042:WARNING:pe_image_reader.cc(340)] could not read dos header from C:\WINDOWS\System32\KERNEL32.DLL
[0621/170923.042:ERROR:process_memory_win.cc(73)] ReadMemory at 0x7fffbe7d0000 of 64 bytes failed: Only part of a ReadProcessMemory or WriteProcessMemory request was completed. (0x12B)
[0621/170923.042:WARNING:pe_image_reader.cc(340)] could not read dos header from C:\WINDOWS\System32\KERNELBASE.dll
[0621/170923.042:ERROR:process_memory_win.cc(73)] ReadMemory at 0x7fff83150000 of 64 bytes failed: Only part of a ReadProcessMemory or WriteProcessMemory request was completed. (0x12B)
[0621/170923.042:WARNING:pe_image_reader.cc(340)] could not read dos header from C:\Program Files (x86)\Google\Chrome\Application\83.0.4103.106\chrome_elf.dll
[0621/170923.043:ERROR:process_memory_win.cc(73)] ReadMemory at 0x7fffb1f60000 of 64 bytes failed: Only part of a ReadProcessMemory or WriteProcessMemory request was completed. (0x12B)
[0621/170923.043:WARNING:pe_image_reader.cc(340)] could not read dos header from C:\WINDOWS\SYSTEM32\VERSION.dll
[0621/170923.043:ERROR:process_memory_win.cc(73)] ReadMemory at 0x7fffbecb0000 of 64 bytes failed: Only part of a ReadProcessMemory or WriteProcessMemory request was completed. (0x12B)
[0621/170923.043:WARNING:pe_image_reader.cc(340)] could not read dos header from C:\WINDOWS\System32\msvcrt.dll
[0621/170923.043:ERROR:process_memory_win.cc(73)] ReadMemory at 0x7fffbe3b0000 of 64 bytes failed: Only part of a ReadProcessMemory or WriteProcessMemory request was completed. (0x12B)
[0621/170923.043:WARNING:pe_image_reader.cc(340)] could not read dos header from C:\WINDOWS\System32\bcryptPrimitives.dll
[0621/170923.044:ERROR:process_memory_win.cc(73)] ReadMemory at 0x7fffbf270000 of 64 bytes failed: Only part of a ReadProcessMemory or WriteProcessMemory request was completed. (0x12B)
[0621/170923.044:WARNING:pe_image_reader.cc(340)] could not read dos header from C:\WINDOWS\System32\ADVAPI32.dll
[0621/170923.044:ERROR:process_memory_win.cc(73)] ReadMemory at 0x7fffbf7f0000 of 64 bytes failed: Only part of a ReadProcessMemory or WriteProcessMemory request was completed. (0x12B)
[0621/170923.044:WARNING:pe_image_reader.cc(340)] could not read dos header from C:\WINDOWS\System32\sechost.dll
[0621/170923.044:ERROR:process_memory_win.cc(73)] ReadMemory at 0x7fffbee90000 of 64 bytes failed: Only part of a ReadProcessMemory or WriteProcessMemory request was completed. (0x12B)
[0621/170923.044:WARNING:pe_image_reader.cc(340)] could not read dos header from C:\WINDOWS\System32\RPCRT4.dll
[0621/170923.044:ERROR:process_memory_win.cc(73)] ReadMemory at 0x7fff6f520000 of 64 bytes failed: Only part of a ReadProcessMemory or WriteProcessMemory request was completed. (0x12B)
[0621/170923.045:WARNING:pe_image_reader.cc(340)] could not read dos header from C:\Program Files (x86)\Google\Chrome\Application\83.0.4103.106\chrome.dll
[0621/170923.045:ERROR:process_memory_win.cc(73)] ReadMemory at 0x7fffc0460000 of 64 bytes failed: Only part of a ReadProcessMemory or WriteProcessMemory request was completed. (0x12B)
[0621/170923.045:WARNING:pe_image_reader.cc(340)] could not read dos header from C:\WINDOWS\System32\WS2_32.dll
[0621/170923.045:ERROR:process_memory_win.cc(73)] ReadMemory at 0x1bdaa080000 of 64 bytes failed: Only part of a ReadProcessMemory or WriteProcessMemory request was completed. (0x12B)
[0621/170923.046:WARNING:pe_image_reader.cc(340)] could not read dos header from C:\WINDOWS\System32\OLEAUT32.dll
[0621/170923.046:ERROR:process_memory_win.cc(73)] ReadMemory at 0x7fffbe310000 of 64 bytes failed: Only part of a ReadProcessMemory or WriteProcessMemory request was completed. (0x12B)
[0621/170923.046:WARNING:pe_image_reader.cc(340)] could not read dos header from C:\WINDOWS\System32\msvcp_win.dll
[0621/170923.046:ERROR:process_memory_win.cc(73)] ReadMemory at 0x7fffbe660000 of 64 bytes failed: Only part of a ReadProcessMemory or WriteProcessMemory request was completed. (0x12B)
[0621/170923.047:WARNING:pe_image_reader.cc(340)] could not read dos header from C:\WINDOWS\System32\ucrtbase.dll
[0621/170923.047:ERROR:process_memory_win.cc(73)] ReadMemory at 0x7fffc04d0000 of 64 bytes failed: Only part of a ReadProcessMemory or WriteProcessMemory request was completed. (0x12B)
[0621/170923.047:WARNING:pe_image_reader.cc(340)] could not read dos header from C:\WINDOWS\System32\combase.dll
[0621/170923.047:ERROR:process_memory_win.cc(73)] ReadMemory at 0x7fffbe430000 of 64 bytes failed: Only part of a ReadProcessMemory or WriteProcessMemory request was completed. (0x12B)
[0621/170923.047:WARNING:pe_image_reader.cc(340)] could not read dos header from C:\WINDOWS\System32\WINTRUST.dll
[0621/170923.047:ERROR:process_memory_win.cc(73)] ReadMemory at 0x7fffbdb20000 of 64 bytes failed: Only part of a ReadProcessMemory or WriteProcessMemory request was completed. (0x12B)
[0621/170923.048:WARNING:pe_image_reader.cc(340)] could not read dos header from C:\WINDOWS\System32\MSASN1.dll
[0621/170923.048:ERROR:process_memory_win.cc(73)] ReadMemory at 0x7fffbeb30000 of 64 bytes failed: Only part of a ReadProcessMemory or WriteProcessMemory request was completed. (0x12B)
[0621/170923.048:WARNING:pe_image_reader.cc(340)] could not read dos header from C:\WINDOWS\System32\CRYPT32.dll
[0621/170923.048:ERROR:process_memory_win.cc(73)] ReadMemory at 0x7fffbcfe0000 of 64 bytes failed: Only part of a ReadProcessMemory or WriteProcessMemory request was completed. (0x12B)
[0621/170923.048:WARNING:pe_image_reader.cc(340)] could not read dos header from C:\WINDOWS\SYSTEM32\IPHLPAPI.DLL
[0621/170923.049:ERROR:process_memory_win.cc(73)] ReadMemory at 0x7fffbba50000 of 64 bytes failed: Only part of a ReadProcessMemory or WriteProcessMemory request was completed. (0x12B)
[0621/170923.049:WARNING:pe_image_reader.cc(340)] could not read dos header from C:\WINDOWS\SYSTEM32\WINMM.dll
[0621/170923.049:ERROR:process_memory_win.cc(73)] ReadMemory at 0x7fffac4e0000 of 64 bytes failed: Only part of a ReadProcessMemory or WriteProcessMemory request was completed. (0x12B)
[0621/170923.049:WARNING:pe_image_reader.cc(340)] could not read dos header from C:\WINDOWS\SYSTEM32\Secur32.dll
[0621/170923.049:ERROR:process_memory_win.cc(73)] ReadMemory at 0x7fffbd9e0000 of 64 bytes failed: Only part of a ReadProcessMemory or WriteProcessMemory request was completed. (0x12B)
[0621/170923.049:WARNING:pe_image_reader.cc(340)] could not read dos header from C:\WINDOWS\SYSTEM32\USERENV.dll
[0621/170923.050:ERROR:process_memory_win.cc(73)] ReadMemory at 0x7fffbdaf0000 of 64 bytes failed: Only part of a ReadProcessMemory or WriteProcessMemory request was completed. (0x12B)
[0621/170923.050:WARNING:pe_image_reader.cc(340)] could not read dos header from C:\WINDOWS\System32\profapi.dll
[0621/170923.050:ERROR:process_memory_win.cc(73)] ReadMemory at 0x7fff82550000 of 64 bytes failed: Only part of a ReadProcessMemory or WriteProcessMemory request was completed. (0x12B)
[0621/170923.050:WARNING:pe_image_reader.cc(340)] could not read dos header from C:\WINDOWS\SYSTEM32\UIAutomationCore.DLL
[0621/170923.050:ERROR:process_memory_win.cc(73)] ReadMemory at 0x7fff9d2d0000 of 64 bytes failed: Only part of a ReadProcessMemory or WriteProcessMemory request was completed. (0x12B)
[0621/170923.050:WARNING:pe_image_reader.cc(340)] could not read dos header from C:\WINDOWS\SYSTEM32\DWrite.dll
[0621/170923.051:ERROR:process_memory_win.cc(73)] ReadMemory at 0x7fff90040000 of 64 bytes failed: Only part of a ReadProcessMemory or WriteProcessMemory request was completed. (0x12B)
[0621/170923.051:WARNING:pe_image_reader.cc(340)] could not read dos header from C:\WINDOWS\SYSTEM32\WINSPOOL.DRV
[0621/170923.051:ERROR:process_memory_win.cc(73)] ReadMemory at 0x7fffbdad0000 of 64 bytes failed: Only part of a ReadProcessMemory or WriteProcessMemory request was completed. (0x12B)
[0621/170923.051:WARNING:pe_image_reader.cc(340)] could not read dos header from C:\WINDOWS\System32\kernel.appcore.dll
[0621/170923.052:ERROR:process_memory_win.cc(73)] ReadMemory at 0x7fffbe630000 of 64 bytes failed: Only part of a ReadProcessMemory or WriteProcessMemory request was completed. (0x12B)
[0621/170923.052:WARNING:pe_image_reader.cc(340)] could not read dos header from C:\WINDOWS\System32\bcrypt.dll
[0621/170923.052:ERROR:process_memory_win.cc(73)] ReadMemory at 0x7fffab7f0000 of 64 bytes failed: Only part of a ReadProcessMemory or WriteProcessMemory request was completed. (0x12B)
[0621/170923.052:WARNING:pe_image_reader.cc(340)] could not read dos header from C:\WINDOWS\SYSTEM32\dbghelp.dll
[0621/170923.052:ERROR:process_memory_win.cc(73)] ReadMemory at 0x7fffb1e50000 of 64 bytes failed: Only part of a ReadProcessMemory or WriteProcessMemory request was completed. (0x12B)
[0621/170923.052:WARNING:pe_image_reader.cc(340)] could not read dos header from C:\WINDOWS\SYSTEM32\WINHTTP.dll
[0621/170923.053:ERROR:process_memory_win.cc(73)] ReadMemory at 0x7fffb29d0000 of 64 bytes failed: Only part of a ReadProcessMemory or WriteProcessMemory request was completed. (0x12B)
[0621/170923.053:WARNING:pe_image_reader.cc(340)] could not read dos header from C:\WINDOWS\SYSTEM32\dhcpcsvc.DLL
[0621/170923.053:ERROR:process_memory_win.cc(73)] ReadMemory at 0x7fffc0810000 of 64 bytes failed: Only part of a ReadProcessMemory or WriteProcessMemory request was completed. (0x12B)
[0621/170923.053:WARNING:pe_image_reader.cc(340)] could not read dos header from C:\WINDOWS\System32\NSI.dll
[0621/170923.053:ERROR:process_memory_win.cc(73)] ReadMemory at 0x7fffbb4d0000 of 64 bytes failed: Only part of a ReadProcessMemory or WriteProcessMemory request was completed. (0x12B)
[0621/170923.053:WARNING:pe_image_reader.cc(340)] could not read dos header from C:\WINDOWS\SYSTEM32\WINMMBASE.dll
[0621/170923.053:ERROR:process_memory_win.cc(73)] ReadMemory at 0x7fffbe760000 of 64 bytes failed: Only part of a ReadProcessMemory or WriteProcessMemory request was completed. (0x12B)
[0621/170923.054:WARNING:pe_image_reader.cc(340)] could not read dos header from C:\WINDOWS\System32\cfgmgr32.dll
[0621/170923.054:ERROR:process_memory_win.cc(73)] ReadMemory at 0x7fffbaa30000 of 64 bytes failed: Only part of a ReadProcessMemory or WriteProcessMemory request was completed. (0x12B)
[0621/170923.054:WARNING:pe_image_reader.cc(340)] could not read dos header from C:\WINDOWS\SYSTEM32\PROPSYS.dll
[0621/170923.054:ERROR:process_memory_win.cc(73)] ReadMemory at 0x7fffbf450000 of 64 bytes failed: Only part of a ReadProcessMemory or WriteProcessMemory request was completed. (0x12B)
[0621/170923.054:WARNING:pe_image_reader.cc(340)] could not read dos header from C:\WINDOWS\System32\shcore.dll
[0621/170923.054:ERROR:process_memory_win.cc(73)] ReadMemory at 0x7fffbd9b0000 of 64 bytes failed: Only part of a ReadProcessMemory or WriteProcessMemory request was completed. (0x12B)
[0621/170923.055:WARNING:pe_image_reader.cc(340)] could not read dos header from C:\WINDOWS\SYSTEM32\SSPICLI.DLL
[0621/170923.055:ERROR:process_memory_win.cc(73)] ReadMemory at 0x7fffbfd10000 of 64 bytes failed: Only part of a ReadProcessMemory or WriteProcessMemory request was completed. (0x12B)
[0621/170923.055:WARNING:pe_image_reader.cc(340)] could not read dos header from C:\WINDOWS\System32\SHELL32.dll
[0621/170923.055:ERROR:process_memory_win.cc(73)] ReadMemory at 0x7fffbdb90000 of 64 bytes failed: Only part of a ReadProcessMemory or WriteProcessMemory request was completed. (0x12B)
[0621/170923.055:WARNING:pe_image_reader.cc(340)] could not read dos header from C:\WINDOWS\System32\windows.storage.dll
[0621/170923.055:ERROR:process_memory_win.cc(73)] ReadMemory at 0x7fffbdb40000 of 64 bytes failed: Only part of a ReadProcessMemory or WriteProcessMemory request was completed. (0x12B)
[0621/170923.056:WARNING:pe_image_reader.cc(340)] could not read dos header from C:\WINDOWS\System32\powrprof.dll
[0621/170923.056:ERROR:process_memory_win.cc(73)] ReadMemory at 0x7fffbdac0000 of 64 bytes failed: Only part of a ReadProcessMemory or WriteProcessMemory request was completed. (0x12B)
[0621/170923.056:WARNING:pe_image_reader.cc(340)] could not read dos header from C:\WINDOWS\System32\UMPDC.dll
[0621/170923.056:ERROR:process_memory_win.cc(73)] ReadMemory at 0x7fffbed50000 of 64 bytes failed: Only part of a ReadProcessMemory or WriteProcessMemory request was completed. (0x12B)
[0621/170923.056:WARNING:pe_image_reader.cc(340)] could not read dos header from C:\WINDOWS\System32\shlwapi.dll
[0621/170923.056:ERROR:process_memory_win.cc(73)] ReadMemory at 0x7fffbf720000 of 64 bytes failed: Only part of a ReadProcessMemory or WriteProcessMemory request was completed. (0x12B)
[0621/170923.057:WARNING:pe_image_reader.cc(340)] could not read dos header from C:\WINDOWS\System32\GDI32.dll
[0621/170923.057:ERROR:process_memory_win.cc(73)] ReadMemory at 0x7fffbec80000 of 64 bytes failed: Only part of a ReadProcessMemory or WriteProcessMemory request was completed. (0x12B)
[0621/170923.057:WARNING:pe_image_reader.cc(340)] could not read dos header from C:\WINDOWS\System32\win32u.dll
[0621/170923.057:ERROR:process_memory_win.cc(73)] ReadMemory at 0x7fffbe490000 of 64 bytes failed: Only part of a ReadProcessMemory or WriteProcessMemory request was completed. (0x12B)
[0621/170923.057:WARNING:pe_image_reader.cc(340)] could not read dos header from C:\WINDOWS\System32\gdi32full.dll
[0621/170923.058:ERROR:process_memory_win.cc(73)] ReadMemory at 0x7fffbf500000 of 64 bytes failed: Only part of a ReadProcessMemory or WriteProcessMemory request was completed. (0x12B)
[0621/170923.058:WARNING:pe_image_reader.cc(340)] could not read dos header from C:\WINDOWS\System32\USER32.dll
[0621/170923.058:ERROR:process_memory_win.cc(73)] ReadMemory at 0x7fffbe7b0000 of 64 bytes failed: Only part of a ReadProcessMemory or WriteProcessMemory request was completed. (0x12B)
[0621/170923.058:WARNING:pe_image_reader.cc(340)] could not read dos header from C:\WINDOWS\System32\cryptsp.dll
[0621/170923.058:ERROR:process_memory_win.cc(73)] ReadMemory at 0x1bdaa1f0000 of 64 bytes failed: Only part of a ReadProcessMemory or WriteProcessMemory request was completed. (0x12B)
[0621/170923.058:WARNING:pe_image_reader.cc(340)] could not read dos header from C:\WINDOWS\System32\IMM32.DLL
[0621/170923.059:ERROR:process_memory_win.cc(73)] ReadMemory at 0x7fffbd4a0000 of 64 bytes failed: Only part of a ReadProcessMemory or WriteProcessMemory request was completed. (0x12B)
[0621/170923.059:WARNING:pe_image_reader.cc(340)] could not read dos header from C:\WINDOWS\SYSTEM32\CRYPTBASE.DLL
[0621/170923.071:ERROR:process_memory_win.cc(73)] ReadMemory at 0x7ff7b2d80000 of 64 bytes failed: Only part of a ReadProcessMemory or WriteProcessMemory request was completed. (0x12B)
[0621/170923.071:WARNING:pe_image_reader.cc(340)] could not read dos header from C:\Program Files (x86)\Google\Chrome\Application\chrome.exe
[0621/170923.071:ERROR:process_memory_win.cc(73)] ReadMemory at 0x7fffc0c00000 of 64 bytes failed: Only part of a ReadProcessMemory or WriteProcessMemory request was completed. (0x12B)
[0621/170923.071:WARNING:pe_image_reader.cc(340)] could not read dos header from C:\WINDOWS\SYSTEM32\ntdll.dll
[0621/170923.071:ERROR:process_memory_win.cc(73)] ReadMemory at 0x7fffc09d0000 of 64 bytes failed: Only part of a ReadProcessMemory or WriteProcessMemory request was completed. (0x12B)
[0621/170923.071:WARNING:pe_image_reader.cc(340)] could not read dos header from C:\WINDOWS\System32\KERNEL32.DLL
[0621/170923.071:ERROR:process_memory_win.cc(73)] ReadMemory at 0x7fffbe7d0000 of 64 bytes failed: Only part of a ReadProcessMemory or WriteProcessMemory request was completed. (0x12B)
[0621/170923.072:WARNING:pe_image_reader.cc(340)] could not read dos header from C:\WINDOWS\System32\KERNELBASE.dll
[0621/170923.072:ERROR:process_memory_win.cc(73)] ReadMemory at 0x7fff83150000 of 64 bytes failed: Only part of a ReadProcessMemory or WriteProcessMemory request was completed. (0x12B)
[0621/170923.072:WARNING:pe_image_reader.cc(340)] could not read dos header from C:\Program Files (x86)\Google\Chrome\Application\83.0.4103.106\chrome_elf.dll
[0621/170923.072:ERROR:process_memory_win.cc(73)] ReadMemory at 0x7fffb1f60000 of 64 bytes failed: Only part of a ReadProcessMemory or WriteProcessMemory request was completed. (0x12B)
[0621/170923.072:WARNING:pe_image_reader.cc(340)] could not read dos header from C:\WINDOWS\SYSTEM32\VERSION.dll
[0621/170923.072:ERROR:process_memory_win.cc(73)] ReadMemory at 0x7fffbecb0000 of 64 bytes failed: Only part of a ReadProcessMemory or WriteProcessMemory request was completed. (0x12B)
[0621/170923.072:WARNING:pe_image_reader.cc(340)] could not read dos header from C:\WINDOWS\System32\msvcrt.dll
[0621/170923.072:ERROR:process_memory_win.cc(73)] ReadMemory at 0x7fffbe3b0000 of 64 bytes failed: Only part of a ReadProcessMemory or WriteProcessMemory request was completed. (0x12B)
[0621/170923.073:WARNING:pe_image_reader.cc(340)] could not read dos header from C:\WINDOWS\System32\bcryptPrimitives.dll
[0621/170923.073:ERROR:process_memory_win.cc(73)] ReadMemory at 0x7fffbf270000 of 64 bytes failed: Only part of a ReadProcessMemory or WriteProcessMemory request was completed. (0x12B)
[0621/170923.073:WARNING:pe_image_reader.cc(340)] could not read dos header from C:\WINDOWS\System32\ADVAPI32.dll
[0621/170923.073:ERROR:process_memory_win.cc(73)] ReadMemory at 0x7fffbf7f0000 of 64 bytes failed: Only part of a ReadProcessMemory or WriteProcessMemory request was completed. (0x12B)
[0621/170923.073:WARNING:pe_image_reader.cc(340)] could not read dos header from C:\WINDOWS\System32\sechost.dll
[0621/170923.073:ERROR:process_memory_win.cc(73)] ReadMemory at 0x7fffbee90000 of 64 bytes failed: Only part of a ReadProcessMemory or WriteProcessMemory request was completed. (0x12B)
[0621/170923.073:WARNING:pe_image_reader.cc(340)] could not read dos header from C:\WINDOWS\System32\RPCRT4.dll
[0621/170923.073:ERROR:process_memory_win.cc(73)] ReadMemory at 0x7fff6f520000 of 64 bytes failed: Only part of a ReadProcessMemory or WriteProcessMemory request was completed. (0x12B)
[0621/170923.074:WARNING:pe_image_reader.cc(340)] could not read dos header from C:\Program Files (x86)\Google\Chrome\Application\83.0.4103.106\chrome.dll
[0621/170923.074:ERROR:process_memory_win.cc(73)] ReadMemory at 0x7fffc0460000 of 64 bytes failed: Only part of a ReadProcessMemory or WriteProcessMemory request was completed. (0x12B)
[0621/170923.074:WARNING:pe_image_reader.cc(340)] could not read dos header from C:\WINDOWS\System32\WS2_32.dll
[0621/170923.074:ERROR:process_memory_win.cc(73)] ReadMemory at 0x1bdaa080000 of 64 bytes failed: Only part of a ReadProcessMemory or WriteProcessMemory request was completed. (0x12B)
[0621/170923.074:WARNING:pe_image_reader.cc(340)] could not read dos header from C:\WINDOWS\System32\OLEAUT32.dll
[0621/170923.074:ERROR:process_memory_win.cc(73)] ReadMemory at 0x7fffbe310000 of 64 bytes failed: Only part of a ReadProcessMemory or WriteProcessMemory request was completed. (0x12B)
[0621/170923.075:WARNING:pe_image_reader.cc(340)] could not read dos header from C:\WINDOWS\System32\msvcp_win.dll
[0621/170923.075:ERROR:process_memory_win.cc(73)] ReadMemory at 0x7fffbe660000 of 64 bytes failed: Only part of a ReadProcessMemory or WriteProcessMemory request was completed. (0x12B)
[0621/170923.075:WARNING:pe_image_reader.cc(340)] could not read dos header from C:\WINDOWS\System32\ucrtbase.dll
[0621/170923.075:ERROR:process_memory_win.cc(73)] ReadMemory at 0x7fffc04d0000 of 64 bytes failed: Only part of a ReadProcessMemory or WriteProcessMemory request was completed. (0x12B)
[0621/170923.075:WARNING:pe_image_reader.cc(340)] could not read dos header from C:\WINDOWS\System32\combase.dll
[0621/170923.075:ERROR:process_memory_win.cc(73)] ReadMemory at 0x7fffbe430000 of 64 bytes failed: Only part of a ReadProcessMemory or WriteProcessMemory request was completed. (0x12B)
[0621/170923.076:WARNING:pe_image_reader.cc(340)] could not read dos header from C:\WINDOWS\System32\WINTRUST.dll
[0621/170923.076:ERROR:process_memory_win.cc(73)] ReadMemory at 0x7fffbdb20000 of 64 bytes failed: Only part of a ReadProcessMemory or WriteProcessMemory request was completed. (0x12B)
[0621/170923.076:WARNING:pe_image_reader.cc(340)] could not read dos header from C:\WINDOWS\System32\MSASN1.dll
[0621/170923.076:ERROR:process_memory_win.cc(73)] ReadMemory at 0x7fffbeb30000 of 64 bytes failed: Only part of a ReadProcessMemory or WriteProcessMemory request was completed. (0x12B)
[0621/170923.076:WARNING:pe_image_reader.cc(340)] could not read dos header from C:\WINDOWS\System32\CRYPT32.dll
[0621/170923.076:ERROR:process_memory_win.cc(73)] ReadMemory at 0x7fffbcfe0000 of 64 bytes failed: Only part of a ReadProcessMemory or WriteProcessMemory request was completed. (0x12B)
[0621/170923.076:WARNING:pe_image_reader.cc(340)] could not read dos header from C:\WINDOWS\SYSTEM32\IPHLPAPI.DLL
[0621/170923.077:ERROR:process_memory_win.cc(73)] ReadMemory at 0x7fffbba50000 of 64 bytes failed: Only part of a ReadProcessMemory or WriteProcessMemory request was completed. (0x12B)
[0621/170923.077:WARNING:pe_image_reader.cc(340)] could not read dos header from C:\WINDOWS\SYSTEM32\WINMM.dll
[0621/170923.077:ERROR:process_memory_win.cc(73)] ReadMemory at 0x7fffac4e0000 of 64 bytes failed: Only part of a ReadProcessMemory or WriteProcessMemory request was completed. (0x12B)
[0621/170923.077:WARNING:pe_image_reader.cc(340)] could not read dos header from C:\WINDOWS\SYSTEM32\Secur32.dll
[0621/170923.077:ERROR:process_memory_win.cc(73)] ReadMemory at 0x7fffbd9e0000 of 64 bytes failed: Only part of a ReadProcessMemory or WriteProcessMemory request was completed. (0x12B)
[0621/170923.077:WARNING:pe_image_reader.cc(340)] could not read dos header from C:\WINDOWS\SYSTEM32\USERENV.dll
[0621/170923.077:ERROR:process_memory_win.cc(73)] ReadMemory at 0x7fffbdaf0000 of 64 bytes failed: Only part of a ReadProcessMemory or WriteProcessMemory request was completed. (0x12B)
[0621/170923.078:WARNING:pe_image_reader.cc(340)] could not read dos header from C:\WINDOWS\System32\profapi.dll
[0621/170923.078:ERROR:process_memory_win.cc(73)] ReadMemory at 0x7fff82550000 of 64 bytes failed: Only part of a ReadProcessMemory or WriteProcessMemory request was completed. (0x12B)
[0621/170923.078:WARNING:pe_image_reader.cc(340)] could not read dos header from C:\WINDOWS\SYSTEM32\UIAutomationCore.DLL
[0621/170923.078:ERROR:process_memory_win.cc(73)] ReadMemory at 0x7fff9d2d0000 of 64 bytes failed: Only part of a ReadProcessMemory or WriteProcessMemory request was completed. (0x12B)
[0621/170923.078:WARNING:pe_image_reader.cc(340)] could not read dos header from C:\WINDOWS\SYSTEM32\DWrite.dll
[0621/170923.078:ERROR:process_memory_win.cc(73)] ReadMemory at 0x7fff90040000 of 64 bytes failed: Only part of a ReadProcessMemory or WriteProcessMemory request was completed. (0x12B)
[0621/170923.078:WARNING:pe_image_reader.cc(340)] could not read dos header from C:\WINDOWS\SYSTEM32\WINSPOOL.DRV
[0621/170923.079:ERROR:process_memory_win.cc(73)] ReadMemory at 0x7fffbdad0000 of 64 bytes failed: Only part of a ReadProcessMemory or WriteProcessMemory request was completed. (0x12B)
[0621/170923.079:WARNING:pe_image_reader.cc(340)] could not read dos header from C:\WINDOWS\System32\kernel.appcore.dll
[0621/170923.079:ERROR:process_memory_win.cc(73)] ReadMemory at 0x7fffbe630000 of 64 bytes failed: Only part of a ReadProcessMemory or WriteProcessMemory request was completed. (0x12B)
[0621/170923.079:WARNING:pe_image_reader.cc(340)] could not read dos header from C:\WINDOWS\System32\bcrypt.dll
[0621/170923.079:ERROR:process_memory_win.cc(73)] ReadMemory at 0x7fffab7f0000 of 64 bytes failed: Only part of a ReadProcessMemory or WriteProcessMemory request was completed. (0x12B)
[0621/170923.079:WARNING:pe_image_reader.cc(340)] could not read dos header from C:\WINDOWS\SYSTEM32\dbghelp.dll
[0621/170923.080:ERROR:process_memory_win.cc(73)] ReadMemory at 0x7fffb1e50000 of 64 bytes failed: Only part of a ReadProcessMemory or WriteProcessMemory request was completed. (0x12B)
[0621/170923.080:WARNING:pe_image_reader.cc(340)] could not read dos header from C:\WINDOWS\SYSTEM32\WINHTTP.dll
[0621/170923.080:ERROR:process_memory_win.cc(73)] ReadMemory at 0x7fffb29d0000 of 64 bytes failed: Only part of a ReadProcessMemory or WriteProcessMemory request was completed. (0x12B)
[0621/170923.080:WARNING:pe_image_reader.cc(340)] could not read dos header from C:\WINDOWS\SYSTEM32\dhcpcsvc.DLL
[0621/170923.080:ERROR:process_memory_win.cc(73)] ReadMemory at 0x7fffc0810000 of 64 bytes failed: Only part of a ReadProcessMemory or WriteProcessMemory request was completed. (0x12B)
[0621/170923.080:WARNING:pe_image_reader.cc(340)] could not read dos header from C:\WINDOWS\System32\NSI.dll
[0621/170923.081:ERROR:process_memory_win.cc(73)] ReadMemory at 0x7fffbb4d0000 of 64 bytes failed: Only part of a ReadProcessMemory or WriteProcessMemory request was completed. (0x12B)
[0621/170923.081:WARNING:pe_image_reader.cc(340)] could not read dos header from C:\WINDOWS\SYSTEM32\WINMMBASE.dll
[0621/170923.081:ERROR:process_memory_win.cc(73)] ReadMemory at 0x7fffbe760000 of 64 bytes failed: Only part of a ReadProcessMemory or WriteProcessMemory request was completed. (0x12B)
[0621/170923.081:WARNING:pe_image_reader.cc(340)] could not read dos header from C:\WINDOWS\System32\cfgmgr32.dll
[0621/170923.081:ERROR:process_memory_win.cc(73)] ReadMemory at 0x7fffbaa30000 of 64 bytes failed: Only part of a ReadProcessMemory or WriteProcessMemory request was completed. (0x12B)
[0621/170923.082:WARNING:pe_image_reader.cc(340)] could not read dos header from C:\WINDOWS\SYSTEM32\PROPSYS.dll
[0621/170923.082:ERROR:process_memory_win.cc(73)] ReadMemory at 0x7fffbf450000 of 64 bytes failed: Only part of a ReadProcessMemory or WriteProcessMemory request was completed. (0x12B)
[0621/170923.082:WARNING:pe_image_reader.cc(340)] could not read dos header from C:\WINDOWS\System32\shcore.dll
[0621/170923.082:ERROR:process_memory_win.cc(73)] ReadMemory at 0x7fffbd9b0000 of 64 bytes failed: Only part of a ReadProcessMemory or WriteProcessMemory request was completed. (0x12B)
[0621/170923.083:WARNING:pe_image_reader.cc(340)] could not read dos header from C:\WINDOWS\SYSTEM32\SSPICLI.DLL
[0621/170923.083:ERROR:process_memory_win.cc(73)] ReadMemory at 0x7fffbfd10000 of 64 bytes failed: Only part of a ReadProcessMemory or WriteProcessMemory request was completed. (0x12B)
[0621/170923.083:WARNING:pe_image_reader.cc(340)] could not read dos header from C:\WINDOWS\System32\SHELL32.dll
[0621/170923.083:ERROR:process_memory_win.cc(73)] ReadMemory at 0x7fffbdb90000 of 64 bytes failed: Only part of a ReadProcessMemory or WriteProcessMemory request was completed. (0x12B)
[0621/170923.083:WARNING:pe_image_reader.cc(340)] could not read dos header from C:\WINDOWS\System32\windows.storage.dll
[0621/170923.084:ERROR:process_memory_win.cc(73)] ReadMemory at 0x7fffbdb40000 of 64 bytes failed: Only part of a ReadProcessMemory or WriteProcessMemory request was completed. (0x12B)
[0621/170923.084:WARNING:pe_image_reader.cc(340)] could not read dos header from C:\WINDOWS\System32\powrprof.dll
[0621/170923.084:ERROR:process_memory_win.cc(73)] ReadMemory at 0x7fffbdac0000 of 64 bytes failed: Only part of a ReadProcessMemory or WriteProcessMemory request was completed. (0x12B)
[0621/170923.084:WARNING:pe_image_reader.cc(340)] could not read dos header from C:\WINDOWS\System32\UMPDC.dll
[0621/170923.084:ERROR:process_memory_win.cc(73)] ReadMemory at 0x7fffbed50000 of 64 bytes failed: Only part of a ReadProcessMemory or WriteProcessMemory request was completed. (0x12B)
[0621/170923.085:WARNING:pe_image_reader.cc(340)] could not read dos header from C:\WINDOWS\System32\shlwapi.dll
[0621/170923.085:ERROR:process_memory_win.cc(73)] ReadMemory at 0x7fffbf720000 of 64 bytes failed: Only part of a ReadProcessMemory or WriteProcessMemory request was completed. (0x12B)
[0621/170923.085:WARNING:pe_image_reader.cc(340)] could not read dos header from C:\WINDOWS\System32\GDI32.dll
[0621/170923.085:ERROR:process_memory_win.cc(73)] ReadMemory at 0x7fffbec80000 of 64 bytes failed: Only part of a ReadProcessMemory or WriteProcessMemory request was completed. (0x12B)
[0621/170923.085:WARNING:pe_image_reader.cc(340)] could not read dos header from C:\WINDOWS\System32\win32u.dll
[0621/170923.086:ERROR:process_memory_win.cc(73)] ReadMemory at 0x7fffbe490000 of 64 bytes failed: Only part of a ReadProcessMemory or WriteProcessMemory request was completed. (0x12B)
[0621/170923.086:WARNING:pe_image_reader.cc(340)] could not read dos header from C:\WINDOWS\System32\gdi32full.dll
[0621/170923.086:ERROR:process_memory_win.cc(73)] ReadMemory at 0x7fffbf500000 of 64 bytes failed: Only part of a ReadProcessMemory or WriteProcessMemory request was completed. (0x12B)
[0621/170923.086:WARNING:pe_image_reader.cc(340)] could not read dos header from C:\WINDOWS\System32\USER32.dll
[0621/170923.087:ERROR:process_memory_win.cc(73)] ReadMemory at 0x7fffbe7b0000 of 64 bytes failed: Only part of a ReadProcessMemory or WriteProcessMemory request was completed. (0x12B)
[0621/170923.087:WARNING:pe_image_reader.cc(340)] could not read dos header from C:\WINDOWS\System32\cryptsp.dll
[0621/170923.087:ERROR:process_memory_win.cc(73)] ReadMemory at 0x1bdaa1f0000 of 64 bytes failed: Only part of a ReadProcessMemory or WriteProcessMemory request was completed. (0x12B)
[0621/170923.087:WARNING:pe_image_reader.cc(340)] could not read dos header from C:\WINDOWS\System32\IMM32.DLL
[0621/170923.087:ERROR:process_memory_win.cc(73)] ReadMemory at 0x7fffbd4a0000 of 64 bytes failed: Only part of a ReadProcessMemory or WriteProcessMemory request was completed. (0x12B)
[0621/170923.087:WARNING:pe_image_reader.cc(340)] could not read dos header from C:\WINDOWS\SYSTEM32\CRYPTBASE.DLL
[0621/170923.088:ERROR:process_memory_win.cc(73)] ReadMemory at 0x7ff7b2d80000 of 64 bytes failed: Only part of a ReadProcessMemory or WriteProcessMemory request was completed. (0x12B)
[0621/170923.088:WARNING:pe_image_reader.cc(340)] could not read dos header from C:\Program Files (x86)\Google\Chrome\Application\chrome.exe
[0621/170923.088:ERROR:process_memory_win.cc(73)] ReadMemory at 0x7fffc0c00000 of 64 bytes failed: Only part of a ReadProcessMemory or WriteProcessMemory request was completed. (0x12B)
[0621/170923.088:WARNING:pe_image_reader.cc(340)] could not read dos header from C:\WINDOWS\SYSTEM32\ntdll.dll
[0621/170923.088:ERROR:process_memory_win.cc(73)] ReadMemory at 0x7fffc09d0000 of 64 bytes failed: Only part of a ReadProcessMemory or WriteProcessMemory request was completed. (0x12B)
[0621/170923.088:WARNING:pe_image_reader.cc(340)] could not read dos header from C:\WINDOWS\System32\KERNEL32.DLL
[0621/170923.088:ERROR:process_memory_win.cc(73)] ReadMemory at 0x7fffbe7d0000 of 64 bytes failed: Only part of a ReadProcessMemory or WriteProcessMemory request was completed. (0x12B)
[0621/170923.088:WARNING:pe_image_reader.cc(340)] could not read dos header from C:\WINDOWS\System32\KERNELBASE.dll
[0621/170923.088:ERROR:process_memory_win.cc(73)] ReadMemory at 0x7fff83150000 of 64 bytes failed: Only part of a ReadProcessMemory or WriteProcessMemory request was completed. (0x12B)
[0621/170923.089:WARNING:pe_image_reader.cc(340)] could not read dos header from C:\Program Files (x86)\Google\Chrome\Application\83.0.4103.106\chrome_elf.dll
[0621/170923.089:ERROR:process_memory_win.cc(73)] ReadMemory at 0x7fffb1f60000 of 64 bytes failed: Only part of a ReadProcessMemory or WriteProcessMemory request was completed. (0x12B)
[0621/170923.089:WARNING:pe_image_reader.cc(340)] could not read dos header from C:\WINDOWS\SYSTEM32\VERSION.dll
[0621/170923.089:ERROR:process_memory_win.cc(73)] ReadMemory at 0x7fffbecb0000 of 64 bytes failed: Only part of a ReadProcessMemory or WriteProcessMemory request was completed. (0x12B)
[0621/170923.089:WARNING:pe_image_reader.cc(340)] could not read dos header from C:\WINDOWS\System32\msvcrt.dll
[0621/170923.089:ERROR:process_memory_win.cc(73)] ReadMemory at 0x7fffbe3b0000 of 64 bytes failed: Only part of a ReadProcessMemory or WriteProcessMemory request was completed. (0x12B)
[0621/170923.089:WARNING:pe_image_reader.cc(340)] could not read dos header from C:\WINDOWS\System32\bcryptPrimitives.dll
[0621/170923.089:ERROR:process_memory_win.cc(73)] ReadMemory at 0x7fffbf270000 of 64 bytes failed: Only part of a ReadProcessMemory or WriteProcessMemory request was completed. (0x12B)
[0621/170923.090:WARNING:pe_image_reader.cc(340)] could not read dos header from C:\WINDOWS\System32\ADVAPI32.dll
[0621/170923.090:ERROR:process_memory_win.cc(73)] ReadMemory at 0x7fffbf7f0000 of 64 bytes failed: Only part of a ReadProcessMemory or WriteProcessMemory request was completed. (0x12B)
[0621/170923.090:WARNING:pe_image_reader.cc(340)] could not read dos header from C:\WINDOWS\System32\sechost.dll
[0621/170923.090:ERROR:process_memory_win.cc(73)] ReadMemory at 0x7fffbee90000 of 64 bytes failed: Only part of a ReadProcessMemory or WriteProcessMemory request was completed. (0x12B)
[0621/170923.090:WARNING:pe_image_reader.cc(340)] could not read dos header from C:\WINDOWS\System32\RPCRT4.dll
[0621/170923.090:ERROR:process_memory_win.cc(73)] ReadMemory at 0x7fff6f520000 of 64 bytes failed: Only part of a ReadProcessMemory or WriteProcessMemory request was completed. (0x12B)
[0621/170923.090:WARNING:pe_image_reader.cc(340)] could not read dos header from C:\Program Files (x86)\Google\Chrome\Application\83.0.4103.106\chrome.dll
[0621/170923.090:ERROR:process_memory_win.cc(73)] ReadMemory at 0x7fffc0460000 of 64 bytes failed: Only part of a ReadProcessMemory or WriteProcessMemory request was completed. (0x12B)
[0621/170923.090:WARNING:pe_image_reader.cc(340)] could not read dos header from C:\WINDOWS\System32\WS2_32.dll
[0621/170923.090:ERROR:process_memory_win.cc(73)] ReadMemory at 0x1bdaa080000 of 64 bytes failed: Only part of a ReadProcessMemory or WriteProcessMemory request was completed. (0x12B)
[0621/170923.091:WARNING:pe_image_reader.cc(340)] could not read dos header from C:\WINDOWS\System32\OLEAUT32.dll
[0621/170923.091:ERROR:process_memory_win.cc(73)] ReadMemory at 0x7fffbe310000 of 64 bytes failed: Only part of a ReadProcessMemory or WriteProcessMemory request was completed. (0x12B)
[0621/170923.091:WARNING:pe_image_reader.cc(340)] could not read dos header from C:\WINDOWS\System32\msvcp_win.dll
[0621/170923.091:ERROR:process_memory_win.cc(73)] ReadMemory at 0x7fffbe660000 of 64 bytes failed: Only part of a ReadProcessMemory or WriteProcessMemory request was completed. (0x12B)
[0621/170923.091:WARNING:pe_image_reader.cc(340)] could not read dos header from C:\WINDOWS\System32\ucrtbase.dll
[0621/170923.091:ERROR:process_memory_win.cc(73)] ReadMemory at 0x7fffc04d0000 of 64 bytes failed: Only part of a ReadProcessMemory or WriteProcessMemory request was completed. (0x12B)
[0621/170923.091:WARNING:pe_image_reader.cc(340)] could not read dos header from C:\WINDOWS\System32\combase.dll
[0621/170923.091:ERROR:process_memory_win.cc(73)] ReadMemory at 0x7fffbe430000 of 64 bytes failed: Only part of a ReadProcessMemory or WriteProcessMemory request was completed. (0x12B)
[0621/170923.091:WARNING:pe_image_reader.cc(340)] could not read dos header from C:\WINDOWS\System32\WINTRUST.dll
[0621/170923.091:ERROR:process_memory_win.cc(73)] ReadMemory at 0x7fffbdb20000 of 64 bytes failed: Only part of a ReadProcessMemory or WriteProcessMemory request was completed. (0x12B)
[0621/170923.092:WARNING:pe_image_reader.cc(340)] could not read dos header from C:\WINDOWS\System32\MSASN1.dll
[0621/170923.092:ERROR:process_memory_win.cc(73)] ReadMemory at 0x7fffbeb30000 of 64 bytes failed: Only part of a ReadProcessMemory or WriteProcessMemory request was completed. (0x12B)
[0621/170923.092:WARNING:pe_image_reader.cc(340)] could not read dos header from C:\WINDOWS\System32\CRYPT32.dll
[0621/170923.092:ERROR:process_memory_win.cc(73)] ReadMemory at 0x7fffbcfe0000 of 64 bytes failed: Only part of a ReadProcessMemory or WriteProcessMemory request was completed. (0x12B)
[0621/170923.092:WARNING:pe_image_reader.cc(340)] could not read dos header from C:\WINDOWS\SYSTEM32\IPHLPAPI.DLL
[0621/170923.092:ERROR:process_memory_win.cc(73)] ReadMemory at 0x7fffbba50000 of 64 bytes failed: Only part of a ReadProcessMemory or WriteProcessMemory request was completed. (0x12B)
[0621/170923.092:WARNING:pe_image_reader.cc(340)] could not read dos header from C:\WINDOWS\SYSTEM32\WINMM.dll
[0621/170923.092:ERROR:process_memory_win.cc(73)] ReadMemory at 0x7fffac4e0000 of 64 bytes failed: Only part of a ReadProcessMemory or WriteProcessMemory request was completed. (0x12B)
[0621/170923.092:WARNING:pe_image_reader.cc(340)] could not read dos header from C:\WINDOWS\SYSTEM32\Secur32.dll
[0621/170923.093:ERROR:process_memory_win.cc(73)] ReadMemory at 0x7fffbd9e0000 of 64 bytes failed: Only part of a ReadProcessMemory or WriteProcessMemory request was completed. (0x12B)
[0621/170923.093:WARNING:pe_image_reader.cc(340)] could not read dos header from C:\WINDOWS\SYSTEM32\USERENV.dll
[0621/170923.093:ERROR:process_memory_win.cc(73)] ReadMemory at 0x7fffbdaf0000 of 64 bytes failed: Only part of a ReadProcessMemory or WriteProcessMemory request was completed. (0x12B)
[0621/170923.093:WARNING:pe_image_reader.cc(340)] could not read dos header from C:\WINDOWS\System32\profapi.dll
[0621/170923.093:ERROR:process_memory_win.cc(73)] ReadMemory at 0x7fff82550000 of 64 bytes failed: Only part of a ReadProcessMemory or WriteProcessMemory request was completed. (0x12B)
[0621/170923.093:WARNING:pe_image_reader.cc(340)] could not read dos header from C:\WINDOWS\SYSTEM32\UIAutomationCore.DLL
[0621/170923.093:ERROR:process_memory_win.cc(73)] ReadMemory at 0x7fff9d2d0000 of 64 bytes failed: Only part of a ReadProcessMemory or WriteProcessMemory request was completed. (0x12B)
[0621/170923.094:WARNING:pe_image_reader.cc(340)] could not read dos header from C:\WINDOWS\SYSTEM32\DWrite.dll
[0621/170923.094:ERROR:process_memory_win.cc(73)] ReadMemory at 0x7fff90040000 of 64 bytes failed: Only part of a ReadProcessMemory or WriteProcessMemory request was completed. (0x12B)
[0621/170923.094:WARNING:pe_image_reader.cc(340)] could not read dos header from C:\WINDOWS\SYSTEM32\WINSPOOL.DRV
[0621/170923.094:ERROR:process_memory_win.cc(73)] ReadMemory at 0x7fffbdad0000 of 64 bytes failed: Only part of a ReadProcessMemory or WriteProcessMemory request was completed. (0x12B)
[0621/170923.094:WARNING:pe_image_reader.cc(340)] could not read dos header from C:\WINDOWS\System32\kernel.appcore.dll
[0621/170923.094:ERROR:process_memory_win.cc(73)] ReadMemory at 0x7fffbe630000 of 64 bytes failed: Only part of a ReadProcessMemory or WriteProcessMemory request was completed. (0x12B)
[0621/170923.094:WARNING:pe_image_reader.cc(340)] could not read dos header from C:\WINDOWS\System32\bcrypt.dll
[0621/170923.095:ERROR:process_memory_win.cc(73)] ReadMemory at 0x7fffab7f0000 of 64 bytes failed: Only part of a ReadProcessMemory or WriteProcessMemory request was completed. (0x12B)
[0621/170923.095:WARNING:pe_image_reader.cc(340)] could not read dos header from C:\WINDOWS\SYSTEM32\dbghelp.dll
[0621/170923.095:ERROR:process_memory_win.cc(73)] ReadMemory at 0x7fffb1e50000 of 64 bytes failed: Only part of a ReadProcessMemory or WriteProcessMemory request was completed. (0x12B)
[0621/170923.095:WARNING:pe_image_reader.cc(340)] could not read dos header from C:\WINDOWS\SYSTEM32\WINHTTP.dll
[0621/170923.095:ERROR:process_memory_win.cc(73)] ReadMemory at 0x7fffb29d0000 of 64 bytes failed: Only part of a ReadProcessMemory or WriteProcessMemory request was completed. (0x12B)
[0621/170923.095:WARNING:pe_image_reader.cc(340)] could not read dos header from C:\WINDOWS\SYSTEM32\dhcpcsvc.DLL
[0621/170923.096:ERROR:process_memory_win.cc(73)] ReadMemory at 0x7fffc0810000 of 64 bytes failed: Only part of a ReadProcessMemory or WriteProcessMemory request was completed. (0x12B)
[0621/170923.096:WARNING:pe_image_reader.cc(340)] could not read dos header from C:\WINDOWS\System32\NSI.dll
[0621/170923.096:ERROR:process_memory_win.cc(73)] ReadMemory at 0x7fffbb4d0000 of 64 bytes failed: Only part of a ReadProcessMemory or WriteProcessMemory request was completed. (0x12B)
[0621/170923.096:WARNING:pe_image_reader.cc(340)] could not read dos header from C:\WINDOWS\SYSTEM32\WINMMBASE.dll
[0621/170923.097:ERROR:process_memory_win.cc(73)] ReadMemory at 0x7fffbe760000 of 64 bytes failed: Only part of a ReadProcessMemory or WriteProcessMemory request was completed. (0x12B)
[0621/170923.098:WARNING:pe_image_reader.cc(340)] could not read dos header from C:\WINDOWS\System32\cfgmgr32.dll
[0621/170923.098:ERROR:process_memory_win.cc(73)] ReadMemory at 0x7fffbaa30000 of 64 bytes failed: Only part of a ReadProcessMemory or WriteProcessMemory request was completed. (0x12B)
[0621/170923.098:WARNING:pe_image_reader.cc(340)] could not read dos header from C:\WINDOWS\SYSTEM32\PROPSYS.dll
[0621/170923.098:ERROR:process_memory_win.cc(73)] ReadMemory at 0x7fffbf450000 of 64 bytes failed: Only part of a ReadProcessMemory or WriteProcessMemory request was completed. (0x12B)
[0621/170923.098:WARNING:pe_image_reader.cc(340)] could not read dos header from C:\WINDOWS\System32\shcore.dll
[0621/170923.099:ERROR:process_memory_win.cc(73)] ReadMemory at 0x7fffbd9b0000 of 64 bytes failed: Only part of a ReadProcessMemory or WriteProcessMemory request was completed. (0x12B)
[0621/170923.099:WARNING:pe_image_reader.cc(340)] could not read dos header from C:\WINDOWS\SYSTEM32\SSPICLI.DLL
[0621/170923.099:ERROR:process_memory_win.cc(73)] ReadMemory at 0x7fffbfd10000 of 64 bytes failed: Only part of a ReadProcessMemory or WriteProcessMemory request was completed. (0x12B)
[0621/170923.099:WARNING:pe_image_reader.cc(340)] could not read dos header from C:\WINDOWS\System32\SHELL32.dll
[0621/170923.099:ERROR:process_memory_win.cc(73)] ReadMemory at 0x7fffbdb90000 of 64 bytes failed: Only part of a ReadProcessMemory or WriteProcessMemory request was completed. (0x12B)
[0621/170923.099:WARNING:pe_image_reader.cc(340)] could not read dos header from C:\WINDOWS\System32\windows.storage.dll
[0621/170923.100:ERROR:process_memory_win.cc(73)] ReadMemory at 0x7fffbdb40000 of 64 bytes failed: Only part of a ReadProcessMemory or WriteProcessMemory request was completed. (0x12B)
[0621/170923.100:WARNING:pe_image_reader.cc(340)] could not read dos header from C:\WINDOWS\System32\powrprof.dll
[0621/170923.100:ERROR:process_memory_win.cc(73)] ReadMemory at 0x7fffbdac0000 of 64 bytes failed: Only part of a ReadProcessMemory or WriteProcessMemory request was completed. (0x12B)
[0621/170923.100:WARNING:pe_image_reader.cc(340)] could not read dos header from C:\WINDOWS\System32\UMPDC.dll
[0621/170923.100:ERROR:process_memory_win.cc(73)] ReadMemory at 0x7fffbed50000 of 64 bytes failed: Only part of a ReadProcessMemory or WriteProcessMemory request was completed. (0x12B)
[0621/170923.100:WARNING:pe_image_reader.cc(340)] could not read dos header from C:\WINDOWS\System32\shlwapi.dll
[0621/170923.101:ERROR:process_memory_win.cc(73)] ReadMemory at 0x7fffbf720000 of 64 bytes failed: Only part of a ReadProcessMemory or WriteProcessMemory request was completed. (0x12B)
[0621/170923.101:WARNING:pe_image_reader.cc(340)] could not read dos header from C:\WINDOWS\System32\GDI32.dll
[0621/170923.101:ERROR:process_memory_win.cc(73)] ReadMemory at 0x7fffbec80000 of 64 bytes failed: Only part of a ReadProcessMemory or WriteProcessMemory request was completed. (0x12B)
[0621/170923.101:WARNING:pe_image_reader.cc(340)] could not read dos header from C:\WINDOWS\System32\win32u.dll
[0621/170923.102:ERROR:process_memory_win.cc(73)] ReadMemory at 0x7fffbe490000 of 64 bytes failed: Only part of a ReadProcessMemory or WriteProcessMemory request was completed. (0x12B)
[0621/170923.102:WARNING:pe_image_reader.cc(340)] could not read dos header from C:\WINDOWS\System32\gdi32full.dll
[0621/170923.102:ERROR:process_memory_win.cc(73)] ReadMemory at 0x7fffbf500000 of 64 bytes failed: Only part of a ReadProcessMemory or WriteProcessMemory request was completed. (0x12B)
[0621/170923.102:WARNING:pe_image_reader.cc(340)] could not read dos header from C:\WINDOWS\System32\USER32.dll
[0621/170923.102:ERROR:process_memory_win.cc(73)] ReadMemory at 0x7fffbe7b0000 of 64 bytes failed: Only part of a ReadProcessMemory or WriteProcessMemory request was completed. (0x12B)
[0621/170923.102:WARNING:pe_image_reader.cc(340)] could not read dos header from C:\WINDOWS\System32\cryptsp.dll
[0621/170923.103:ERROR:process_memory_win.cc(73)] ReadMemory at 0x1bdaa1f0000 of 64 bytes failed: Only part of a ReadProcessMemory or WriteProcessMemory request was completed. (0x12B)
[0621/170923.103:WARNING:pe_image_reader.cc(340)] could not read dos header from C:\WINDOWS\System32\IMM32.DLL
[0621/170923.103:ERROR:process_memory_win.cc(73)] ReadMemory at 0x7fffbd4a0000 of 64 bytes failed: Only part of a ReadProcessMemory or WriteProcessMemory request was completed. (0x12B)
[0621/170923.103:WARNING:pe_image_reader.cc(340)] could not read dos header from C:\WINDOWS\SYSTEM32\CRYPTBASE.DLL
[0621/170923.136:ERROR:process_memory_win.cc(73)] ReadMemory at 0x17873f4000 of 49152 bytes failed: Only part of a ReadProcessMemory or WriteProcessMemory request was completed. (0x12B)
[0621/170923.136:ERROR:process_memory_win.cc(73)] ReadMemory at 0x1787bfd000 of 12288 bytes failed: Only part of a ReadProcessMemory or WriteProcessMemory request was completed. (0x12B)
[0621/170923.136:ERROR:process_memory_win.cc(73)] ReadMemory at 0x17883fa000 of 24576 bytes failed: Only part of a ReadProcessMemory or WriteProcessMemory request was completed. (0x12B)
[0621/170923.136:ERROR:process_memory_win.cc(73)] ReadMemory at 0x1788bfd000 of 12288 bytes failed: Only part of a ReadProcessMemory or WriteProcessMemory request was completed. (0x12B)
[0621/170923.137:ERROR:process_memory_win.cc(73)] ReadMemory at 0x17893fc000 of 16384 bytes failed: Only part of a ReadProcessMemory or WriteProcessMemory request was completed. (0x12B)
[0621/170923.137:ERROR:process_memory_win.cc(73)] ReadMemory at 0x1789bff000 of 4096 bytes failed: Only part of a ReadProcessMemory or WriteProcessMemory request was completed. (0x12B)
[0621/170923.137:ERROR:process_memory_win.cc(73)] ReadMemory at 0x178a3fd000 of 12288 bytes failed: Only part of a ReadProcessMemory or WriteProcessMemory request was completed. (0x12B)
[0621/170923.137:ERROR:process_memory_win.cc(73)] ReadMemory at 0x178abfb000 of 20480 bytes failed: Only part of a ReadProcessMemory or WriteProcessMemory request was completed. (0x12B)
[0621/170923.137:ERROR:process_memory_win.cc(73)] ReadMemory at 0x178b3fd000 of 12288 bytes failed: Only part of a ReadProcessMemory or WriteProcessMemory request was completed. (0x12B)
[0621/170923.137:ERROR:process_memory_win.cc(73)] ReadMemory at 0x178bbfd000 of 12288 bytes failed: Only part of a ReadProcessMemory or WriteProcessMemory request was completed. (0x12B)
[0621/170923.137:ERROR:process_memory_win.cc(73)] ReadMemory at 0x178c3fd000 of 12288 bytes failed: Only part of a ReadProcessMemory or WriteProcessMemory request was completed. (0x12B)
[0621/170923.137:ERROR:process_memory_win.cc(73)] ReadMemory at 0x178cbfd000 of 12288 bytes failed: Only part of a ReadProcessMemory or WriteProcessMemory request was completed. (0x12B)
[0621/170923.137:ERROR:process_memory_win.cc(73)] ReadMemory at 0x178d3fd000 of 12288 bytes failed: Only part of a ReadProcessMemory or WriteProcessMemory request was completed. (0x12B)
[0621/170923.137:ERROR:process_memory_win.cc(73)] ReadMemory at 0x178dbfd000 of 12288 bytes failed: Only part of a ReadProcessMemory or WriteProcessMemory request was completed. (0x12B)
[0621/170923.137:ERROR:process_memory_win.cc(73)] ReadMemory at 0x178e3fd000 of 12288 bytes failed: Only part of a ReadProcessMemory or WriteProcessMemory request was completed. (0x12B)
[0621/170923.138:ERROR:process_memory_win.cc(73)] ReadMemory at 0x1786b86000 of 852 bytes failed: Only part of a ReadProcessMemory or WriteProcessMemory request was completed. (0x12B)
[0621/170923.138:ERROR:process_memory_win.cc(73)] ReadMemory at 0x1786b87000 of 6024 bytes failed: Only part of a ReadProcessMemory or WriteProcessMemory request was completed. (0x12B)
[0621/170923.138:ERROR:process_memory_win.cc(73)] ReadMemory at 0x1786b89000 of 6024 bytes failed: Only part of a ReadProcessMemory or WriteProcessMemory request was completed. (0x12B)
[0621/170923.138:ERROR:process_memory_win.cc(73)] ReadMemory at 0x1786b8b000 of 6024 bytes failed: Only part of a ReadProcessMemory or WriteProcessMemory request was completed. (0x12B)
[0621/170923.138:ERROR:process_memory_win.cc(73)] ReadMemory at 0x1786b8d000 of 6024 bytes failed: Only part of a ReadProcessMemory or WriteProcessMemory request was completed. (0x12B)
[0621/170923.138:ERROR:process_memory_win.cc(73)] ReadMemory at 0x1786b8f000 of 6024 bytes failed: Only part of a ReadProcessMemory or WriteProcessMemory request was completed. (0x12B)
[0621/170923.138:ERROR:process_memory_win.cc(73)] ReadMemory at 0x1786b91000 of 6024 bytes failed: Only part of a ReadProcessMemory or WriteProcessMemory request was completed. (0x12B)
[0621/170923.138:ERROR:process_memory_win.cc(73)] ReadMemory at 0x1786b93000 of 6024 bytes failed: Only part of a ReadProcessMemory or WriteProcessMemory request was completed. (0x12B)
[0621/170923.138:ERROR:process_memory_win.cc(73)] ReadMemory at 0x1786b95000 of 6024 bytes failed: Only part of a ReadProcessMemory or WriteProcessMemory request was completed. (0x12B)
[0621/170923.138:ERROR:process_memory_win.cc(73)] ReadMemory at 0x1786b97000 of 6024 bytes failed: Only part of a ReadProcessMemory or WriteProcessMemory request was completed. (0x12B)
[0621/170923.138:ERROR:process_memory_win.cc(73)] ReadMemory at 0x1786b99000 of 6024 bytes failed: Only part of a ReadProcessMemory or WriteProcessMemory request was completed. (0x12B)
[0621/170923.139:ERROR:process_memory_win.cc(73)] ReadMemory at 0x1786b9b000 of 6024 bytes failed: Only part of a ReadProcessMemory or WriteProcessMemory request was completed. (0x12B)
[0621/170923.139:ERROR:process_memory_win.cc(73)] ReadMemory at 0x1786b9d000 of 6024 bytes failed: Only part of a ReadProcessMemory or WriteProcessMemory request was completed. (0x12B)
[0621/170923.139:ERROR:process_memory_win.cc(73)] ReadMemory at 0x1786b9f000 of 6024 bytes failed: Only part of a ReadProcessMemory or WriteProcessMemory request was completed. (0x12B)
[0621/170923.139:ERROR:process_memory_win.cc(73)] ReadMemory at 0x1786ba1000 of 6024 bytes failed: Only part of a ReadProcessMemory or WriteProcessMemory request was completed. (0x12B)
[0621/170923.139:ERROR:process_memory_win.cc(73)] ReadMemory at 0x1786ba3000 of 6024 bytes failed: Only part of a ReadProcessMemory or WriteProcessMemory request was completed. (0x12B)
[0621/170923.139:ERROR:process_memory_win.cc(73)] ReadMemory at 0x1bda9e40750 of 80 bytes failed: Only part of a ReadProcessMemory or WriteProcessMemory request was completed. (0x12B)
[0621/170923.139:ERROR:process_memory_win.cc(73)] ReadMemory at 0x1bda9e40fe0 of 6252 bytes failed: Only part of a ReadProcessMemory or WriteProcessMemory request was completed. (0x12B)
[0621/170923.139:ERROR:process_memory_win.cc(73)] ReadMemory at 0x1bda9e42860 of 1012 bytes failed: Only part of a ReadProcessMemory or WriteProcessMemory request was completed. (0x12B)
[0621/170923.139:ERROR:process_memory_win.cc(73)] ReadMemory at 0x1bda9e42ea8 of 118 bytes failed: Only part of a ReadProcessMemory or WriteProcessMemory request was completed. (0x12B)
[0621/170923.139:ERROR:process_memory_win.cc(73)] ReadMemory at 0x1bda9e42f20 of 1268 bytes failed: Only part of a ReadProcessMemory or WriteProcessMemory request was completed. (0x12B)
[0621/170923.139:ERROR:process_memory_win.cc(73)] ReadMemory at 0x1bda9e43416 of 118 bytes failed: Only part of a ReadProcessMemory or WriteProcessMemory request was completed. (0x12B)
[0621/170923.139:ERROR:process_memory_win.cc(73)] ReadMemory at 0x1bda9e4348e of 96 bytes failed: Only part of a ReadProcessMemory or WriteProcessMemory request was completed. (0x12B)
[0621/170923.140:ERROR:process_memory_win.cc(73)] ReadMemory at 0x1bda9e43500 of 58 bytes failed: Only part of a ReadProcessMemory or WriteProcessMemory request was completed. (0x12B)
[0621/170923.140:ERROR:process_memory_win.cc(73)] ReadMemory at 0x1bda9e43600 of 132 bytes failed: Only part of a ReadProcessMemory or WriteProcessMemory request was completed. (0x12B)
[0621/170923.140:ERROR:process_memory_win.cc(73)] ReadMemory at 0x1bda9e43790 of 132 bytes failed: Only part of a ReadProcessMemory or WriteProcessMemory request was completed. (0x12B)
[0621/170923.140:ERROR:process_memory_win.cc(73)] ReadMemory at 0x1bda9e43950 of 126 bytes failed: Only part of a ReadProcessMemory or WriteProcessMemory request was completed. (0x12B)
[0621/170923.140:ERROR:process_memory_win.cc(73)] ReadMemory at 0x1bda9e43d30 of 132 bytes failed: Only part of a ReadProcessMemory or WriteProcessMemory request was completed. (0x12B)
[0621/170923.140:ERROR:process_memory_win.cc(73)] ReadMemory at 0x1bda9e43ec0 of 64 bytes failed: Only part of a ReadProcessMemory or WriteProcessMemory request was completed. (0x12B)
[0621/170923.140:ERROR:process_memory_win.cc(73)] ReadMemory at 0x1bda9e44080 of 132 bytes failed: Only part of a ReadProcessMemory or WriteProcessMemory request was completed. (0x12B)
[0621/170923.140:ERROR:process_memory_win.cc(73)] ReadMemory at 0x1bda9e44320 of 132 bytes failed: Only part of a ReadProcessMemory or WriteProcessMemory request was completed. (0x12B)
[0621/170923.140:ERROR:process_memory_win.cc(73)] ReadMemory at 0x1bda9e444b0 of 68 bytes failed: Only part of a ReadProcessMemory or WriteProcessMemory request was completed. (0x12B)
[0621/170923.140:ERROR:process_memory_win.cc(73)] ReadMemory at 0x1bda9e45680 of 132 bytes failed: Only part of a ReadProcessMemory or WriteProcessMemory request was completed. (0x12B)
[0621/170923.140:ERROR:process_memory_win.cc(73)] ReadMemory at 0x1bda9e45810 of 154 bytes failed: Only part of a ReadProcessMemory or WriteProcessMemory request was completed. (0x12B)
[0621/170923.140:ERROR:process_memory_win.cc(73)] ReadMemory at 0x1bda9e46600 of 62 bytes failed: Only part of a ReadProcessMemory or WriteProcessMemory request was completed. (0x12B)
[0621/170923.140:ERROR:process_memory_win.cc(73)] ReadMemory at 0x1bda9e46650 of 132 bytes failed: Only part of a ReadProcessMemory or WriteProcessMemory request was completed. (0x12B)
[0621/170923.141:ERROR:process_memory_win.cc(73)] ReadMemory at 0x1bda9e467f0 of 132 bytes failed: Only part of a ReadProcessMemory or WriteProcessMemory request was completed. (0x12B)
[0621/170923.141:ERROR:process_memory_win.cc(73)] ReadMemory at 0x1bda9e46920 of 60 bytes failed: Only part of a ReadProcessMemory or WriteProcessMemory request was completed. (0x12B)
[0621/170923.141:ERROR:process_memory_win.cc(73)] ReadMemory at 0x1bda9e46cc0 of 146 bytes failed: Only part of a ReadProcessMemory or WriteProcessMemory request was completed. (0x12B)
[0621/170923.141:ERROR:process_memory_win.cc(73)] ReadMemory at 0x1bda9e477cc of 512 bytes failed: Only part of a ReadProcessMemory or WriteProcessMemory request was completed. (0x12B)
[0621/170923.141:ERROR:process_memory_win.cc(73)] ReadMemory at 0x1bda9e48eb0 of 132 bytes failed: Only part of a ReadProcessMemory or WriteProcessMemory request was completed. (0x12B)
[0621/170923.141:ERROR:process_memory_win.cc(73)] ReadMemory at 0x1bda9e49010 of 132 bytes failed: Only part of a ReadProcessMemory or WriteProcessMemory request was completed. (0x12B)
[0621/170923.141:ERROR:process_memory_win.cc(73)] ReadMemory at 0x1bda9e4bf60 of 62 bytes failed: Only part of a ReadProcessMemory or WriteProcessMemory request was completed. (0x12B)
[0621/170923.141:ERROR:process_memory_win.cc(73)] ReadMemory at 0x1bda9e4bfb0 of 64 bytes failed: Only part of a ReadProcessMemory or WriteProcessMemory request was completed. (0x12B)
[0621/170923.141:ERROR:process_memory_win.cc(73)] ReadMemory at 0x1bda9e4c000 of 60 bytes failed: Only part of a ReadProcessMemory or WriteProcessMemory request was completed. (0x12B)
[0621/170923.141:ERROR:process_memory_win.cc(73)] ReadMemory at 0x1bda9e4c1e0 of 62 bytes failed: Only part of a ReadProcessMemory or WriteProcessMemory request was completed. (0x12B)
[0621/170923.141:ERROR:process_memory_win.cc(73)] ReadMemory at 0x1bda9e4c2d0 of 66 bytes failed: Only part of a ReadProcessMemory or WriteProcessMemory request was completed. (0x12B)
[0621/170923.141:ERROR:process_memory_win.cc(73)] ReadMemory at 0x1bda9e4c320 of 64 bytes failed: Only part of a ReadProcessMemory or WriteProcessMemory request was completed. (0x12B)
[0621/170923.141:ERROR:process_memory_win.cc(73)] ReadMemory at 0x1bda9e4c370 of 64 bytes failed: Only part of a ReadProcessMemory or WriteProcessMemory request was completed. (0x12B)
[0621/170923.141:ERROR:process_memory_win.cc(73)] ReadMemory at 0x1bda9e4c550 of 64 bytes failed: Only part of a ReadProcessMemory or WriteProcessMemory request was completed. (0x12B)
[0621/170923.142:ERROR:process_memory_win.cc(73)] ReadMemory at 0x1bda9e4c640 of 60 bytes failed: Only part of a ReadProcessMemory or WriteProcessMemory request was completed. (0x12B)
[0621/170923.142:ERROR:process_memory_win.cc(73)] ReadMemory at 0x1bda9e4c720 of 132 bytes failed: Only part of a ReadProcessMemory or WriteProcessMemory request was completed. (0x12B)
[0621/170923.142:ERROR:process_memory_win.cc(73)] ReadMemory at 0x1bda9e4c850 of 132 bytes failed: Only part of a ReadProcessMemory or WriteProcessMemory request was completed. (0x12B)
[0621/170923.142:ERROR:process_memory_win.cc(73)] ReadMemory at 0x1bda9e4c980 of 132 bytes failed: Only part of a ReadProcessMemory or WriteProcessMemory request was completed. (0x12B)
[0621/170923.142:ERROR:process_memory_win.cc(73)] ReadMemory at 0x1bda9e4cab0 of 132 bytes failed: Only part of a ReadProcessMemory or WriteProcessMemory request was completed. (0x12B)
[0621/170923.142:ERROR:process_memory_win.cc(73)] ReadMemory at 0x1bda9e4cbe0 of 132 bytes failed: Only part of a ReadProcessMemory or WriteProcessMemory request was completed. (0x12B)
[0621/170923.142:ERROR:process_memory_win.cc(73)] ReadMemory at 0x1bda9e4cd10 of 132 bytes failed: Only part of a ReadProcessMemory or WriteProcessMemory request was completed. (0x12B)
[0621/170923.142:ERROR:process_memory_win.cc(73)] ReadMemory at 0x1bda9e4ce40 of 132 bytes failed: Only part of a ReadProcessMemory or WriteProcessMemory request was completed. (0x12B)
[0621/170923.142:ERROR:process_memory_win.cc(73)] ReadMemory at 0x1bda9e4cf70 of 132 bytes failed: Only part of a ReadProcessMemory or WriteProcessMemory request was completed. (0x12B)
[0621/170923.143:ERROR:process_memory_win.cc(73)] ReadMemory at 0x1bda9e4d0a0 of 132 bytes failed: Only part of a ReadProcessMemory or WriteProcessMemory request was completed. (0x12B)
[0621/170923.143:ERROR:process_memory_win.cc(73)] ReadMemory at 0x1bda9e4d1d0 of 132 bytes failed: Only part of a ReadProcessMemory or WriteProcessMemory request was completed. (0x12B)
[0621/170923.143:ERROR:process_memory_win.cc(73)] ReadMemory at 0x1bda9e4d300 of 132 bytes failed: Only part of a ReadProcessMemory or WriteProcessMemory request was completed. (0x12B)
[0621/170923.144:ERROR:process_memory_win.cc(73)] ReadMemory at 0x1bda9e4d430 of 132 bytes failed: Only part of a ReadProcessMemory or WriteProcessMemory request was completed. (0x12B)
[0621/170923.144:ERROR:process_memory_win.cc(73)] ReadMemory at 0x1bda9e4e0b0 of 80 bytes failed: Only part of a ReadProcessMemory or WriteProcessMemory request was completed. (0x12B)
[0621/170923.145:ERROR:process_memory_win.cc(73)] ReadMemory at 0x1bda9e4e350 of 78 bytes failed: Only part of a ReadProcessMemory or WriteProcessMemory request was completed. (0x12B)
[0621/170923.145:ERROR:process_memory_win.cc(73)] ReadMemory at 0x1bda9e4e410 of 76 bytes failed: Only part of a ReadProcessMemory or WriteProcessMemory request was completed. (0x12B)
[0621/170923.145:ERROR:process_memory_win.cc(73)] ReadMemory at 0x1bda9e4f750 of 54 bytes failed: Only part of a ReadProcessMemory or WriteProcessMemory request was completed. (0x12B)
[0621/170923.146:ERROR:process_memory_win.cc(73)] ReadMemory at 0x1bda9e50f30 of 132 bytes failed: Only part of a ReadProcessMemory or WriteProcessMemory request was completed. (0x12B)
[0621/170923.146:ERROR:process_memory_win.cc(73)] ReadMemory at 0x1bda9e51150 of 132 bytes failed: Only part of a ReadProcessMemory or WriteProcessMemory request was completed. (0x12B)
[0621/170923.146:ERROR:process_memory_win.cc(73)] ReadMemory at 0x1bda9e515c0 of 132 bytes failed: Only part of a ReadProcessMemory or WriteProcessMemory request was completed. (0x12B)
[0621/170923.146:ERROR:process_memory_win.cc(73)] ReadMemory at 0x1bda9e52e60 of 132 bytes failed: Only part of a ReadProcessMemory or WriteProcessMemory request was completed. (0x12B)
[0621/170923.146:ERROR:process_memory_win.cc(73)] ReadMemory at 0x1bda9e54bd0 of 132 bytes failed: Only part of a ReadProcessMemory or WriteProcessMemory request was completed. (0x12B)
[0621/170923.146:ERROR:process_memory_win.cc(73)] ReadMemory at 0x1bda9e54f30 of 132 bytes failed: Only part of a ReadProcessMemory or WriteProcessMemory request was completed. (0x12B)
[0621/170923.146:ERROR:process_memory_win.cc(73)] ReadMemory at 0x1bda9e55950 of 132 bytes failed: Only part of a ReadProcessMemory or WriteProcessMemory request was completed. (0x12B)
[0621/170923.147:ERROR:process_memory_win.cc(73)] ReadMemory at 0x1bda9e56110 of 62 bytes failed: Only part of a ReadProcessMemory or WriteProcessMemory request was completed. (0x12B)
[0621/170923.147:ERROR:process_memory_win.cc(73)] ReadMemory at 0x1bda9e561b0 of 64 bytes failed: Only part of a ReadProcessMemory or WriteProcessMemory request was completed. (0x12B)
[0621/170923.147:ERROR:process_memory_win.cc(73)] ReadMemory at 0x1bda9e56250 of 60 bytes failed: Only part of a ReadProcessMemory or WriteProcessMemory request was completed. (0x12B)
[0621/170923.147:ERROR:process_memory_win.cc(73)] ReadMemory at 0x1bda9e56340 of 64 bytes failed: Only part of a ReadProcessMemory or WriteProcessMemory request was completed. (0x12B)
[0621/170923.147:ERROR:process_memory_win.cc(73)] ReadMemory at 0x1bda9e56430 of 64 bytes failed: Only part of a ReadProcessMemory or WriteProcessMemory request was completed. (0x12B)
[0621/170923.147:ERROR:process_memory_win.cc(73)] ReadMemory at 0x1bda9e565c0 of 66 bytes failed: Only part of a ReadProcessMemory or WriteProcessMemory request was completed. (0x12B)
[0621/170923.147:ERROR:process_memory_win.cc(73)] ReadMemory at 0x1bda9e56610 of 58 bytes failed: Only part of a ReadProcessMemory or WriteProcessMemory request was completed. (0x12B)
[0621/170923.147:ERROR:process_memory_win.cc(73)] ReadMemory at 0x1bda9e56660 of 62 bytes failed: Only part of a ReadProcessMemory or WriteProcessMemory request was completed. (0x12B)
[0621/170923.147:ERROR:process_memory_win.cc(73)] ReadMemory at 0x1bda9e566b0 of 62 bytes failed: Only part of a ReadProcessMemory or WriteProcessMemory request was completed. (0x12B)
[0621/170923.148:ERROR:process_memory_win.cc(73)] ReadMemory at 0x1bda9e567a0 of 62 bytes failed: Only part of a ReadProcessMemory or WriteProcessMemory request was completed. (0x12B)
[0621/170923.148:ERROR:process_memory_win.cc(73)] ReadMemory at 0x1bda9e56840 of 62 bytes failed: Only part of a ReadProcessMemory or WriteProcessMemory request was completed. (0x12B)
[0621/170923.148:ERROR:process_memory_win.cc(73)] ReadMemory at 0x1bda9e56890 of 60 bytes failed: Only part of a ReadProcessMemory or WriteProcessMemory request was completed. (0x12B)
[0621/170923.148:ERROR:process_memory_win.cc(73)] ReadMemory at 0x1bda9e568e0 of 62 bytes failed: Only part of a ReadProcessMemory or WriteProcessMemory request was completed. (0x12B)
[0621/170923.148:ERROR:process_memory_win.cc(73)] ReadMemory at 0x1bda9e56c00 of 60 bytes failed: Only part of a ReadProcessMemory or WriteProcessMemory request was completed. (0x12B)
[0621/170923.148:ERROR:process_memory_win.cc(73)] ReadMemory at 0x1bda9e56c50 of 64 bytes failed: Only part of a ReadProcessMemory or WriteProcessMemory request was completed. (0x12B)
[0621/170923.148:ERROR:process_memory_win.cc(73)] ReadMemory at 0x1bda9e56ca0 of 62 bytes failed: Only part of a ReadProcessMemory or WriteProcessMemory request was completed. (0x12B)
[0621/170923.148:ERROR:process_memory_win.cc(73)] ReadMemory at 0x1bda9e56de0 of 60 bytes failed: Only part of a ReadProcessMemory or WriteProcessMemory request was completed. (0x12B)
[0621/170923.148:ERROR:process_memory_win.cc(73)] ReadMemory at 0x1bda9e57010 of 62 bytes failed: Only part of a ReadProcessMemory or WriteProcessMemory request was completed. (0x12B)
[0621/170923.149:ERROR:process_memory_win.cc(73)] ReadMemory at 0x1bda9e57880 of 132 bytes failed: Only part of a ReadProcessMemory or WriteProcessMemory request was completed. (0x12B)
[0621/170923.149:ERROR:process_memory_win.cc(73)] ReadMemory at 0x1bda9e579b0 of 132 bytes failed: Only part of a ReadProcessMemory or WriteProcessMemory request was completed. (0x12B)
[0621/170923.149:ERROR:process_memory_win.cc(73)] ReadMemory at 0x1bda9e57ae0 of 132 bytes failed: Only part of a ReadProcessMemory or WriteProcessMemory request was completed. (0x12B)
[0621/170923.149:ERROR:process_memory_win.cc(73)] ReadMemory at 0x1bda9e57c10 of 132 bytes failed: Only part of a ReadProcessMemory or WriteProcessMemory request was completed. (0x12B)
[0621/170923.149:ERROR:process_memory_win.cc(73)] ReadMemory at 0x1bda9e57d40 of 132 bytes failed: Only part of a ReadProcessMemory or WriteProcessMemory request was completed. (0x12B)
[0621/170923.149:ERROR:process_memory_win.cc(73)] ReadMemory at 0x1bda9e57e70 of 132 bytes failed: Only part of a ReadProcessMemory or WriteProcessMemory request was completed. (0x12B)
[0621/170923.149:ERROR:process_memory_win.cc(73)] ReadMemory at 0x1bda9e57fa0 of 132 bytes failed: Only part of a ReadProcessMemory or WriteProcessMemory request was completed. (0x12B)
[0621/170923.149:ERROR:process_memory_win.cc(73)] ReadMemory at 0x1bda9e580d0 of 132 bytes failed: Only part of a ReadProcessMemory or WriteProcessMemory request was completed. (0x12B)
[0621/170923.149:ERROR:process_memory_win.cc(73)] ReadMemory at 0x1bda9e58200 of 132 bytes failed: Only part of a ReadProcessMemory or WriteProcessMemory request was completed. (0x12B)
[0621/170923.149:ERROR:process_memory_win.cc(73)] ReadMemory at 0x1bda9e58330 of 132 bytes failed: Only part of a ReadProcessMemory or WriteProcessMemory request was completed. (0x12B)
[0621/170923.150:ERROR:process_memory_win.cc(73)] ReadMemory at 0x1bda9e58460 of 132 bytes failed: Only part of a ReadProcessMemory or WriteProcessMemory request was completed. (0x12B)
[0621/170923.150:ERROR:process_memory_win.cc(73)] ReadMemory at 0x1bda9e58590 of 132 bytes failed: Only part of a ReadProcessMemory or WriteProcessMemory request was completed. (0x12B)
[0621/170923.150:ERROR:process_memory_win.cc(73)] ReadMemory at 0x1bda9e586c0 of 132 bytes failed: Only part of a ReadProcessMemory or WriteProcessMemory request was completed. (0x12B)
[0621/170923.150:ERROR:process_memory_win.cc(73)] ReadMemory at 0x1bda9e587f0 of 132 bytes failed: Only part of a ReadProcessMemory or WriteProcessMemory request was completed. (0x12B)
[0621/170923.150:ERROR:process_memory_win.cc(73)] ReadMemory at 0x1bda9e58cb0 of 132 bytes failed: Only part of a ReadProcessMemory or WriteProcessMemory request was completed. (0x12B)
[0621/170923.150:ERROR:process_memory_win.cc(73)] ReadMemory at 0x1bda9e58f10 of 132 bytes failed: Only part of a ReadProcessMemory or WriteProcessMemory request was completed. (0x12B)
[0621/170923.150:ERROR:process_memory_win.cc(73)] ReadMemory at 0x1bda9e59040 of 132 bytes failed: Only part of a ReadProcessMemory or WriteProcessMemory request was completed. (0x12B)
[0621/170923.150:ERROR:process_memory_win.cc(73)] ReadMemory at 0x1bda9e59170 of 132 bytes failed: Only part of a ReadProcessMemory or WriteProcessMemory request was completed. (0x12B)
[0621/170923.151:ERROR:process_memory_win.cc(73)] ReadMemory at 0x1bda9e592a0 of 132 bytes failed: Only part of a ReadProcessMemory or WriteProcessMemory request was completed. (0x12B)
[0621/170923.151:ERROR:process_memory_win.cc(73)] ReadMemory at 0x1bda9e593d0 of 132 bytes failed: Only part of a ReadProcessMemory or WriteProcessMemory request was completed. (0x12B)
[0621/170923.151:ERROR:process_memory_win.cc(73)] ReadMemory at 0x1bda9e59630 of 132 bytes failed: Only part of a ReadProcessMemory or WriteProcessMemory request was completed. (0x12B)
[0621/170923.151:ERROR:process_memory_win.cc(73)] ReadMemory at 0x1bda9e6d1f0 of 60 bytes failed: Only part of a ReadProcessMemory or WriteProcessMemory request was completed. (0x12B)
[0621/170923.151:ERROR:process_memory_win.cc(73)] ReadMemory at 0x1bda9e6d380 of 64 bytes failed: Only part of a ReadProcessMemory or WriteProcessMemory request was completed. (0x12B)
[0621/170923.151:ERROR:process_memory_win.cc(73)] ReadMemory at 0x1bda9e6d3d0 of 58 bytes failed: Only part of a ReadProcessMemory or WriteProcessMemory request was completed. (0x12B)
[0621/170923.151:ERROR:process_memory_win.cc(73)] ReadMemory at 0x1bda9e6d420 of 66 bytes failed: Only part of a ReadProcessMemory or WriteProcessMemory request was completed. (0x12B)
[0621/170923.151:ERROR:process_memory_win.cc(73)] ReadMemory at 0x1bda9e6d4c0 of 58 bytes failed: Only part of a ReadProcessMemory or WriteProcessMemory request was completed. (0x12B)
[0621/170923.151:ERROR:process_memory_win.cc(73)] ReadMemory at 0x1bda9e6d830 of 62 bytes failed: Only part of a ReadProcessMemory or WriteProcessMemory request was completed. (0x12B)
[0621/170923.152:ERROR:process_memory_win.cc(73)] ReadMemory at 0x1bda9e6da60 of 58 bytes failed: Only part of a ReadProcessMemory or WriteProcessMemory request was completed. (0x12B)
[0621/170923.152:ERROR:process_memory_win.cc(73)] ReadMemory at 0x1bda9e6dbf0 of 60 bytes failed: Only part of a ReadProcessMemory or WriteProcessMemory request was completed. (0x12B)
[0621/170923.152:ERROR:process_memory_win.cc(73)] ReadMemory at 0x1bda9e6de20 of 62 bytes failed: Only part of a ReadProcessMemory or WriteProcessMemory request was completed. (0x12B)
[0621/170923.152:ERROR:process_memory_win.cc(73)] ReadMemory at 0x1bda9e6de70 of 62 bytes failed: Only part of a ReadProcessMemory or WriteProcessMemory request was completed. (0x12B)
[0621/170923.152:ERROR:process_memory_win.cc(73)] ReadMemory at 0x1bda9e75980 of 512 bytes failed: Only part of a ReadProcessMemory or WriteProcessMemory request was completed. (0x12B)
[0621/170923.152:ERROR:process_memory_win.cc(73)] ReadMemory at 0x1bda9e79ca0 of 512 bytes failed: Only part of a ReadProcessMemory or WriteProcessMemory request was completed. (0x12B)
[0621/170923.152:ERROR:process_memory_win.cc(73)] ReadMemory at 0x1bda9e79f50 of 512 bytes failed: Only part of a ReadProcessMemory or WriteProcessMemory request was completed. (0x12B)
[0621/170923.152:ERROR:process_memory_win.cc(73)] ReadMemory at 0x1bdaa040dc0 of 512 bytes failed: Only part of a ReadProcessMemory or WriteProcessMemory request was completed. (0x12B)
[0621/170923.152:ERROR:process_memory_win.cc(73)] ReadMemory at 0x1bdaa5c01c0 of 512 bytes failed: Only part of a ReadProcessMemory or WriteProcessMemory request was completed. (0x12B)
[0621/170923.152:ERROR:process_memory_win.cc(73)] ReadMemory at 0x1bdaa5cecb0 of 1024 bytes failed: Only part of a ReadProcessMemory or WriteProcessMemory request was completed. (0x12B)
[0621/170923.153:ERROR:process_memory_win.cc(73)] ReadMemory at 0x1bdaa5db470 of 512 bytes failed: Only part of a ReadProcessMemory or WriteProcessMemory request was completed. (0x12B)
[0621/170923.153:ERROR:process_memory_win.cc(73)] ReadMemory at 0x1bdaa5f3e00 of 512 bytes failed: Only part of a ReadProcessMemory or WriteProcessMemory request was completed. (0x12B)
[0621/170923.153:ERROR:process_memory_win.cc(73)] ReadMemory at 0x1bdabde0000 of 384 bytes failed: Only part of a ReadProcessMemory or WriteProcessMemory request was completed. (0x12B)
[0621/170923.153:ERROR:process_memory_win.cc(73)] ReadMemory at 0x1bdabe7f550 of 512 bytes failed: Only part of a ReadProcessMemory or WriteProcessMemory request was completed. (0x12B)
[0621/170923.153:ERROR:process_memory_win.cc(73)] ReadMemory at 0x1bdabf9e700 of 512 bytes failed: Only part of a ReadProcessMemory or WriteProcessMemory request was completed. (0x12B)
[0621/170923.153:ERROR:process_memory_win.cc(73)] ReadMemory at 0x77b877889ba8 of 512 bytes failed: Only part of a ReadProcessMemory or WriteProcessMemory request was completed. (0x12B)
[0621/170923.153:ERROR:process_memory_win.cc(73)] ReadMemory at 0x7fff71ca8cdc of 512 bytes failed: Only part of a ReadProcessMemory or WriteProcessMemory request was completed. (0x12B)
[0621/170923.153:ERROR:process_memory_win.cc(73)] ReadMemory at 0x7fff71f96e10 of 512 bytes failed: Only part of a ReadProcessMemory or WriteProcessMemory request was completed. (0x12B)
[0621/170923.153:ERROR:process_memory_win.cc(73)] ReadMemory at 0x7fff72bd67d1 of 512 bytes failed: Only part of a ReadProcessMemory or WriteProcessMemory request was completed. (0x12B)
[0621/170923.154:ERROR:process_memory_win.cc(73)] ReadMemory at 0x7fff76e2a568 of 512 bytes failed: Only part of a ReadProcessMemory or WriteProcessMemory request was completed. (0x12B)
[0621/170923.154:ERROR:process_memory_win.cc(73)] ReadMemory at 0x7fffbea3c6e0 of 512 bytes failed: Only part of a ReadProcessMemory or WriteProcessMemory request was completed. (0x12B)
[0621/170923.154:ERROR:process_memory_win.cc(73)] ReadMemory at 0x7fffc0c9c074 of 672 bytes failed: Only part of a ReadProcessMemory or WriteProcessMemory request was completed. (0x12B)
[0621/170923.154:ERROR:process_memory_win.cc(73)] ReadMemory at 0x7fffc0c9c674 of 512 bytes failed: Only part of a ReadProcessMemory or WriteProcessMemory request was completed. (0x12B)
[0621/170923.154:ERROR:process_memory_win.cc(73)] ReadMemory at 0x7fffc0c9f924 of 608 bytes failed: Only part of a ReadProcessMemory or WriteProcessMemory request was completed. (0x12B)
[0621/170923.154:ERROR:process_memory_win.cc(73)] ReadMemory at 0x7fffc0d2c428 of 18 bytes failed: Only part of a ReadProcessMemory or WriteProcessMemory request was completed. (0x12B)
[0621/170923.154:ERROR:process_memory_win.cc(73)] ReadMemory at 0x7fffc0d5f4f8 of 40 bytes failed: Only part of a ReadProcessMemory or WriteProcessMemory request was completed. (0x12B)
[0621/170923.154:ERROR:process_memory_win.cc(73)] ReadMemory at 0x7fffc0d5f978 of 48 bytes failed: Only part of a ReadProcessMemory or WriteProcessMemory request was completed. (0x12B)
[0621/170923.154:ERROR:process_memory_win.cc(73)] ReadMemory at 0x7fffc0d653c0 of 64 bytes failed: Only part of a ReadProcessMemory or WriteProcessMemory request was completed. (0x12B)
[0621/170923.156:ERROR:file_io_win.cc(161)] CreateFile C:\Users\Admin\AppData\Local\Temp\scoped_dir13080_401099054\Crashpad\settings.dat: The system cannot find the file specified. (0x2)
[0621/170923.156:ERROR:scoped_process_suspend.cc(40)] NtResumeProcess: An attempt was made to access an exiting process. (0xc000010a)
